# JRE version: Java(TM) SE Runtime Environment (17.0+35) (build 17+35-LTS-2724)
# Java VM: Java HotSpot(TM) 64-Bit Server VM (17+35-LTS-2724, mixed mode, sharing, tiered, compressed oops, compressed class ptrs, g1 gc, bsd-aarch64)
GC Precious Log:
 CPUs: 8 total, 8 available
 Memory: 8192M
 Large Page Support: Disabled
 NUMA Support: Disabled
 Compressed Oops: Enabled (Zero based)
 Heap Region Size: 1M
 Heap Min Capacity: 8M
 Heap Initial Capacity: 128M
 Heap Max Capacity: 2G
 Pre-touch: Disabled
 Parallel Workers: 8
 Concurrent Workers: 2
 Concurrent Refinement Workers: 8
 Periodic GC: Disabled
Heap:
 garbage-first heap   total 51200K, used 32322K [0x0000000780000000, 0x0000000800000000)
  region size 1024K, 12 young (12288K), 3 survivors (3072K)
 Metaspace       used 25355K, committed 25600K, reserved 1073152K
  class space    used 3284K, committed 3392K, reserved 1048576K
GC Heap History (14 events):
Event: 0.429 GC heap before
{Heap before GC invocations=0 (full 0):
 garbage-first heap   total 133120K, used 23520K [0x0000000780000000, 0x0000000800000000)
  region size 1024K, 23 young (23552K), 0 survivors (0K)
 Metaspace       used 5610K, committed 5760K, reserved 1056768K
  class space    used 635K, committed 704K, reserved 1048576K
}
Event: 0.431 GC heap after
{Heap after GC invocations=1 (full 0):
 garbage-first heap   total 133120K, used 4472K [0x0000000780000000, 0x0000000800000000)
  region size 1024K, 3 young (3072K), 3 survivors (3072K)
 Metaspace       used 5610K, committed 5760K, reserved 1056768K
  class space    used 635K, committed 704K, reserved 1048576K
}
Event: 0.913 GC heap before
{Heap before GC invocations=1 (full 0):
 garbage-first heap   total 133120K, used 46456K [0x0000000780000000, 0x0000000800000000)
  region size 1024K, 44 young (45056K), 3 survivors (3072K)
 Metaspace       used 21035K, committed 21312K, reserved 1073152K
  class space    used 2931K, committed 3072K, reserved 1048576K
}
Event: 0.916 GC heap after
{Heap after GC invocations=2 (full 0):
 garbage-first heap   total 133120K, used 9890K [0x0000000780000000, 0x0000000800000000)
  region size 1024K, 6 young (6144K), 6 survivors (6144K)
 Metaspace       used 21035K, committed 21312K, reserved 1073152K
  class space    used 2931K, committed 3072K, reserved 1048576K
}
Event: 0.921 GC heap before
{Heap before GC invocations=2 (full 0):
 garbage-first heap   total 133120K, used 9890K [0x0000000780000000, 0x0000000800000000)
  region size 1024K, 7 young (7168K), 6 survivors (6144K)
 Metaspace       used 21276K, committed 21504K, reserved 1073152K
  class space    used 2952K, committed 3072K, reserved 1048576K
}
Event: 0.923 GC heap after
{Heap after GC invocations=3 (full 0):
 garbage-first heap   total 133120K, used 10656K [0x0000000780000000, 0x0000000800000000)
  region size 1024K, 4 young (4096K), 4 survivors (4096K)
 Metaspace       used 21276K, committed 21504K, reserved 1073152K
  class space    used 2952K, committed 3072K, reserved 1048576K
}
Event: 1.862 GC heap before
{Heap before GC invocations=4 (full 0):
 garbage-first heap   total 51200K, used 35232K [0x0000000780000000, 0x0000000800000000)
  region size 1024K, 27 young (27648K), 4 survivors (4096K)
 Metaspace       used 22881K, committed 23104K, reserved 1073152K
  class space    used 3095K, committed 3200K, reserved 1048576K
}
Event: 1.865 GC heap after
{Heap after GC invocations=5 (full 0):
 garbage-first heap   total 51200K, used 14509K [0x0000000780000000, 0x0000000800000000)
  region size 1024K, 6 young (6144K), 6 survivors (6144K)
 Metaspace       used 22881K, committed 23104K, reserved 1073152K
  class space    used 3095K, committed 3200K, reserved 1048576K
}
Event: 1.872 GC heap before
{Heap before GC invocations=5 (full 0):
 garbage-first heap   total 51200K, used 15533K [0x0000000780000000, 0x0000000800000000)
  region size 1024K, 7 young (7168K), 6 survivors (6144K)
 Metaspace       used 22906K, committed 23104K, reserved 1073152K
  class space    used 3096K, committed 3200K, reserved 1048576K
}
Event: 1.875 GC heap after
{Heap after GC invocations=6 (full 0):
 garbage-first heap   total 51200K, used 14725K [0x0000000780000000, 0x0000000800000000)
  region size 1024K, 1 young (1024K), 1 survivors (1024K)
 Metaspace       used 22906K, committed 23104K, reserved 1073152K
  class space    used 3096K, committed 3200K, reserved 1048576K
}
Event: 3.077 GC heap before
{Heap before GC invocations=6 (full 0):
 garbage-first heap   total 51200K, used 33157K [0x0000000780000000, 0x0000000800000000)
  region size 1024K, 19 young (19456K), 1 survivors (1024K)
 Metaspace       used 24101K, committed 24384K, reserved 1073152K
  class space    used 3251K, committed 3392K, reserved 1048576K
}
Event: 3.078 GC heap after
{Heap after GC invocations=7 (full 0):
 garbage-first heap   total 51200K, used 15449K [0x0000000780000000, 0x0000000800000000)
  region size 1024K, 2 young (2048K), 2 survivors (2048K)
 Metaspace       used 24101K, committed 24384K, reserved 1073152K
  class space    used 3251K, committed 3392K, reserved 1048576K
}
Event: 5.259 GC heap before
{Heap before GC invocations=7 (full 0):
 garbage-first heap   total 51200K, used 41049K [0x0000000780000000, 0x0000000800000000)
  region size 1024K, 21 young (21504K), 2 survivors (2048K)
 Metaspace       used 25007K, committed 25216K, reserved 1073152K
  class space    used 3282K, committed 3392K, reserved 1048576K
}
Event: 5.261 GC heap after
{Heap after GC invocations=8 (full 0):
 garbage-first heap   total 51200K, used 21058K [0x0000000780000000, 0x0000000800000000)
  region size 1024K, 3 young (3072K), 3 survivors (3072K)
 Metaspace       used 25007K, committed 25216K, reserved 1073152K
  class space    used 3282K, committed 3392K, reserved 1048576K
}

