# JRE version: Java(TM) SE Runtime Environment (17.0+35) (build 17+35-LTS-2724)
# Java VM: Java HotSpot(TM) 64-Bit Server VM (17+35-LTS-2724, mixed mode, sharing, tiered, compressed oops, compressed class ptrs, g1 gc, bsd-aarch64)
GC Precious Log:
 CPUs: 8 total, 8 available
 Memory: 8192M
 Large Page Support: Disabled
 NUMA Support: Disabled
 Compressed Oops: Enabled (Zero based)
 Heap Region Size: 1M
 Heap Min Capacity: 8M
 Heap Initial Capacity: 128M
 Heap Max Capacity: 2G
 Pre-touch: Disabled
 Parallel Workers: 8
 Concurrent Workers: 2
 Concurrent Refinement Workers: 8
 Periodic GC: Disabled
Heap:
 garbage-first heap   total 51200K, used 34227K [0x0000000780000000, 0x0000000800000000)
  region size 1024K, 15 young (15360K), 2 survivors (2048K)
 Metaspace       used 24957K, committed 25280K, reserved 1073152K
  class space    used 3279K, committed 3456K, reserved 1048576K
GC Heap History (12 events):
Event: 0.292 GC heap before
{Heap before GC invocations=0 (full 0):
 garbage-first heap   total 133120K, used 23520K [0x0000000780000000, 0x0000000800000000)
  region size 1024K, 23 young (23552K), 0 survivors (0K)
 Metaspace       used 5608K, committed 5760K, reserved 1056768K
  class space    used 635K, committed 704K, reserved 1048576K
}
Event: 0.294 GC heap after
{Heap after GC invocations=1 (full 0):
 garbage-first heap   total 133120K, used 4448K [0x0000000780000000, 0x0000000800000000)
  region size 1024K, 3 young (3072K), 3 survivors (3072K)
 Metaspace       used 5608K, committed 5760K, reserved 1056768K
  class space    used 635K, committed 704K, reserved 1048576K
}
Event: 0.724 GC heap before
{Heap before GC invocations=1 (full 0):
 garbage-first heap   total 133120K, used 46432K [0x0000000780000000, 0x0000000800000000)
  region size 1024K, 44 young (45056K), 3 survivors (3072K)
 Metaspace       used 21023K, committed 21248K, reserved 1073152K
  class space    used 2927K, committed 3008K, reserved 1048576K
}
Event: 0.727 GC heap after
{Heap after GC invocations=2 (full 0):
 garbage-first heap   total 133120K, used 9820K [0x0000000780000000, 0x0000000800000000)
  region size 1024K, 6 young (6144K), 6 survivors (6144K)
 Metaspace       used 21023K, committed 21248K, reserved 1073152K
  class space    used 2927K, committed 3008K, reserved 1048576K
}
Event: 0.734 GC heap before
{Heap before GC invocations=2 (full 0):
 garbage-first heap   total 133120K, used 10844K [0x0000000780000000, 0x0000000800000000)
  region size 1024K, 8 young (8192K), 6 survivors (6144K)
 Metaspace       used 21308K, committed 21504K, reserved 1073152K
  class space    used 2954K, committed 3072K, reserved 1048576K
}
Event: 0.736 GC heap after
{Heap after GC invocations=3 (full 0):
 garbage-first heap   total 133120K, used 10922K [0x0000000780000000, 0x0000000800000000)
  region size 1024K, 4 young (4096K), 4 survivors (4096K)
 Metaspace       used 21308K, committed 21504K, reserved 1073152K
  class space    used 2954K, committed 3072K, reserved 1048576K
}
Event: 1.548 GC heap before
{Heap before GC invocations=4 (full 0):
 garbage-first heap   total 51200K, used 38570K [0x0000000780000000, 0x0000000800000000)
  region size 1024K, 30 young (30720K), 4 survivors (4096K)
 Metaspace       used 23168K, committed 23488K, reserved 1073152K
  class space    used 3149K, committed 3328K, reserved 1048576K
}
Event: 1.550 GC heap after
{Heap after GC invocations=5 (full 0):
 garbage-first heap   total 51200K, used 14710K [0x0000000780000000, 0x0000000800000000)
  region size 1024K, 6 young (6144K), 6 survivors (6144K)
 Metaspace       used 23168K, committed 23488K, reserved 1073152K
  class space    used 3149K, committed 3328K, reserved 1048576K
}
Event: 1.559 GC heap before
{Heap before GC invocations=5 (full 0):
 garbage-first heap   total 51200K, used 15734K [0x0000000780000000, 0x0000000800000000)
  region size 1024K, 7 young (7168K), 6 survivors (6144K)
 Metaspace       used 23315K, committed 23616K, reserved 1073152K
  class space    used 3188K, committed 3328K, reserved 1048576K
}
Event: 1.562 GC heap after
{Heap after GC invocations=6 (full 0):
 garbage-first heap   total 51200K, used 15231K [0x0000000780000000, 0x0000000800000000)
  region size 1024K, 1 young (1024K), 1 survivors (1024K)
 Metaspace       used 23315K, committed 23616K, reserved 1073152K
  class space    used 3188K, committed 3328K, reserved 1048576K
}
Event: 2.472 GC heap before
{Heap before GC invocations=6 (full 0):
 garbage-first heap   total 51200K, used 36735K [0x0000000780000000, 0x0000000800000000)
  region size 1024K, 22 young (22528K), 1 survivors (1024K)
 Metaspace       used 24182K, committed 24448K, reserved 1073152K
  class space    used 3255K, committed 3392K, reserved 1048576K
}
Event: 2.473 GC heap after
{Heap after GC invocations=7 (full 0):
 garbage-first heap   total 51200K, used 15795K [0x0000000780000000, 0x0000000800000000)
  region size 1024K, 2 young (2048K), 2 survivors (2048K)
 Metaspace       used 24182K, committed 24448K, reserved 1073152K
  class space    used 3255K, committed 3392K, reserved 1048576K
}

