# JRE version: Java(TM) SE Runtime Environment (17.0+35) (build 17+35-LTS-2724)
# Java VM: Java HotSpot(TM) 64-Bit Server VM (17+35-LTS-2724, mixed mode, sharing, tiered, compressed oops, compressed class ptrs, g1 gc, bsd-aarch64)
GC Precious Log:
 CPUs: 8 total, 8 available
 Memory: 8192M
 Large Page Support: Disabled
 NUMA Support: Disabled
 Compressed Oops: Enabled (Zero based)
 Heap Region Size: 1M
 Heap Min Capacity: 8M
 Heap Initial Capacity: 128M
 Heap Max Capacity: 2G
 Pre-touch: Disabled
 Parallel Workers: 8
 Concurrent Workers: 2
 Concurrent Refinement Workers: 8
 Periodic GC: Disabled
Heap:
 garbage-first heap   total 45056K, used 21272K [0x0000000780000000, 0x0000000800000000)
  region size 1024K, 3 young (3072K), 2 survivors (2048K)
 Metaspace       used 24549K, committed 24832K, reserved 1073152K
  class space    used 3255K, committed 3392K, reserved 1048576K
GC Heap History (16 events):
Event: 0.299 GC heap before
{Heap before GC invocations=0 (full 0):
 garbage-first heap   total 133120K, used 23520K [0x0000000780000000, 0x0000000800000000)
  region size 1024K, 23 young (23552K), 0 survivors (0K)
 Metaspace       used 5968K, committed 6144K, reserved 1056768K
  class space    used 673K, committed 768K, reserved 1048576K
}
Event: 0.300 GC heap after
{Heap after GC invocations=1 (full 0):
 garbage-first heap   total 133120K, used 4649K [0x0000000780000000, 0x0000000800000000)
  region size 1024K, 3 young (3072K), 3 survivors (3072K)
 Metaspace       used 5968K, committed 6144K, reserved 1056768K
  class space    used 673K, committed 768K, reserved 1048576K
}
Event: 0.718 GC heap before
{Heap before GC invocations=1 (full 0):
 garbage-first heap   total 133120K, used 45609K [0x0000000780000000, 0x0000000800000000)
  region size 1024K, 43 young (44032K), 3 survivors (3072K)
 Metaspace       used 20952K, committed 21248K, reserved 1073152K
  class space    used 2912K, committed 3072K, reserved 1048576K
}
Event: 0.721 GC heap after
{Heap after GC invocations=2 (full 0):
 garbage-first heap   total 133120K, used 9840K [0x0000000780000000, 0x0000000800000000)
  region size 1024K, 6 young (6144K), 6 survivors (6144K)
 Metaspace       used 20952K, committed 21248K, reserved 1073152K
  class space    used 2912K, committed 3072K, reserved 1048576K
}
Event: 0.729 GC heap before
{Heap before GC invocations=2 (full 0):
 garbage-first heap   total 133120K, used 10864K [0x0000000780000000, 0x0000000800000000)
  region size 1024K, 8 young (8192K), 6 survivors (6144K)
 Metaspace       used 21254K, committed 21504K, reserved 1073152K
  class space    used 2947K, committed 3072K, reserved 1048576K
}
Event: 0.731 GC heap after
{Heap after GC invocations=3 (full 0):
 garbage-first heap   total 133120K, used 10632K [0x0000000780000000, 0x0000000800000000)
  region size 1024K, 4 young (4096K), 4 survivors (4096K)
 Metaspace       used 21254K, committed 21504K, reserved 1073152K
  class space    used 2947K, committed 3072K, reserved 1048576K
}
Event: 1.723 GC heap before
{Heap before GC invocations=4 (full 0):
 garbage-first heap   total 45056K, used 33160K [0x0000000780000000, 0x0000000800000000)
  region size 1024K, 25 young (25600K), 4 survivors (4096K)
 Metaspace       used 22708K, committed 22976K, reserved 1073152K
  class space    used 3071K, committed 3200K, reserved 1048576K
}
Event: 1.729 GC heap after
{Heap after GC invocations=5 (full 0):
 garbage-first heap   total 45056K, used 14395K [0x0000000780000000, 0x0000000800000000)
  region size 1024K, 6 young (6144K), 6 survivors (6144K)
 Metaspace       used 22708K, committed 22976K, reserved 1073152K
  class space    used 3071K, committed 3200K, reserved 1048576K
}
Event: 1.738 GC heap before
{Heap before GC invocations=5 (full 0):
 garbage-first heap   total 45056K, used 15419K [0x0000000780000000, 0x0000000800000000)
  region size 1024K, 7 young (7168K), 6 survivors (6144K)
 Metaspace       used 22776K, committed 23040K, reserved 1073152K
  class space    used 3076K, committed 3200K, reserved 1048576K
}
Event: 1.740 GC heap after
{Heap after GC invocations=6 (full 0):
 garbage-first heap   total 45056K, used 14919K [0x0000000780000000, 0x0000000800000000)
  region size 1024K, 1 young (1024K), 1 survivors (1024K)
 Metaspace       used 22776K, committed 23040K, reserved 1073152K
  class space    used 3076K, committed 3200K, reserved 1048576K
}
Event: 2.633 GC heap before
{Heap before GC invocations=6 (full 0):
 garbage-first heap   total 45056K, used 30279K [0x0000000780000000, 0x0000000800000000)
  region size 1024K, 17 young (17408K), 1 survivors (1024K)
 Metaspace       used 23949K, committed 24256K, reserved 1073152K
  class space    used 3235K, committed 3392K, reserved 1048576K
}
Event: 2.634 GC heap after
{Heap after GC invocations=7 (full 0):
 garbage-first heap   total 45056K, used 15620K [0x0000000780000000, 0x0000000800000000)
  region size 1024K, 2 young (2048K), 2 survivors (2048K)
 Metaspace       used 23949K, committed 24256K, reserved 1073152K
  class space    used 3235K, committed 3392K, reserved 1048576K
}
Event: 2.724 GC heap before
{Heap before GC invocations=7 (full 0):
 garbage-first heap   total 45056K, used 32004K [0x0000000780000000, 0x0000000800000000)
  region size 1024K, 18 young (18432K), 2 survivors (2048K)
 Metaspace       used 24212K, committed 24512K, reserved 1073152K
  class space    used 3244K, committed 3392K, reserved 1048576K
}
Event: 2.726 GC heap after
{Heap after GC invocations=8 (full 0):
 garbage-first heap   total 45056K, used 16537K [0x0000000780000000, 0x0000000800000000)
  region size 1024K, 3 young (3072K), 3 survivors (3072K)
 Metaspace       used 24212K, committed 24512K, reserved 1073152K
  class space    used 3244K, committed 3392K, reserved 1048576K
}
Event: 2.803 GC heap before
{Heap before GC invocations=8 (full 0):
 garbage-first heap   total 45056K, used 22681K [0x0000000780000000, 0x0000000800000000)
  region size 1024K, 7 young (7168K), 3 survivors (3072K)
 Metaspace       used 24474K, committed 24768K, reserved 1073152K
  class space    used 3255K, committed 3392K, reserved 1048576K
}
Event: 2.805 GC heap after
{Heap after GC invocations=9 (full 0):
 garbage-first heap   total 45056K, used 18200K [0x0000000780000000, 0x0000000800000000)
  region size 1024K, 2 young (2048K), 2 survivors (2048K)
 Metaspace       used 24474K, committed 24768K, reserved 1073152K
  class space    used 3255K, committed 3392K, reserved 1048576K
}

